# JRE version: OpenJDK Runtime Environment (8.0_242-b01) (build 1.8.0_242-release-1644-b01)
# Java VM: OpenJDK 64-Bit Server VM (25.242-b01 mixed mode windows-amd64 compressed oops)
Heap:
 PSYoungGen      total 349696K, used 125047K [0x00000000d5580000, 0x00000000ed780000, 0x0000000100000000)
  eden space 324608K, 30% used [0x00000000d5580000,0x00000000db722cb8,0x00000000e9280000)
  from space 25088K, 99% used [0x00000000eb500000,0x00000000ecd7b270,0x00000000ecd80000)
  to   space 35328K, 0% used [0x00000000e9280000,0x00000000e9280000,0x00000000eb500000)
 ParOldGen       total 100864K, used 52593K [0x0000000080000000, 0x0000000086280000, 0x00000000d5580000)
  object space 100864K, 52% used [0x0000000080000000,0x000000008335c6c8,0x0000000086280000)
 Metaspace       used 84946K, capacity 89140K, committed 89256K, reserved 1126400K
  class space    used 11276K, capacity 12113K, committed 12200K, reserved 1048576K
GC Heap History (10 events):
Event: 16.140 GC heap before
{Heap before GC invocations=13 (full 2):
 PSYoungGen      total 186880K, used 186832K [0x00000000d5580000, 0x00000000e2300000, 0x0000000100000000)
  eden space 174080K, 100% used [0x00000000d5580000,0x00000000dff80000,0x00000000dff80000)
  from space 12800K, 99% used [0x00000000e1680000,0x00000000e22f4220,0x00000000e2300000)
  to   space 14336K, 0% used [0x00000000e0700000,0x00000000e0700000,0x00000000e1500000)
 ParOldGen       total 68608K, used 17400K [0x0000000080000000, 0x0000000084300000, 0x00000000d5580000)
  object space 68608K, 25% used [0x0000000080000000,0x00000000810fe2e0,0x0000000084300000)
 Metaspace       used 56612K, capacity 58756K, committed 59048K, reserved 1099776K
  class space    used 7755K, capacity 8233K, committed 8360K, reserved 1048576K
Event: 16.198 GC heap after
Heap after GC invocations=13 (full 2):
 PSYoungGen      total 196096K, used 14318K [0x00000000d5580000, 0x00000000e6c80000, 0x0000000100000000)
  eden space 181760K, 0% used [0x00000000d5580000,0x00000000d5580000,0x00000000e0700000)
  from space 14336K, 99% used [0x00000000e0700000,0x00000000e14fbab0,0x00000000e1500000)
  to   space 20480K, 0% used [0x00000000e5880000,0x00000000e5880000,0x00000000e6c80000)
 ParOldGen       total 68608K, used 29087K [0x0000000080000000, 0x0000000084300000, 0x00000000d5580000)
  object space 68608K, 42% used [0x0000000080000000,0x0000000081c67d38,0x0000000084300000)
 Metaspace       used 56612K, capacity 58756K, committed 59048K, reserved 1099776K
  class space    used 7755K, capacity 8233K, committed 8360K, reserved 1048576K
}
Event: 16.335 GC heap before
{Heap before GC invocations=14 (full 2):
 PSYoungGen      total 196096K, used 28259K [0x00000000d5580000, 0x00000000e6c80000, 0x0000000100000000)
  eden space 181760K, 7% used [0x00000000d5580000,0x00000000d631d4e8,0x00000000e0700000)
  from space 14336K, 99% used [0x00000000e0700000,0x00000000e14fbab0,0x00000000e1500000)
  to   space 20480K, 0% used [0x00000000e5880000,0x00000000e5880000,0x00000000e6c80000)
 ParOldGen       total 68608K, used 29087K [0x0000000080000000, 0x0000000084300000, 0x00000000d5580000)
  object space 68608K, 42% used [0x0000000080000000,0x0000000081c67d38,0x0000000084300000)
 Metaspace       used 56947K, capacity 59020K, committed 59160K, reserved 1099776K
  class space    used 7805K, capacity 8271K, committed 8360K, reserved 1048576K
Event: 16.356 GC heap after
Heap after GC invocations=14 (full 2):
 PSYoungGen      total 265216K, used 768K [0x00000000d5580000, 0x00000000e8380000, 0x0000000100000000)
  eden space 244736K, 0% used [0x00000000d5580000,0x00000000d5580000,0x00000000e4480000)
  from space 20480K, 3% used [0x00000000e5880000,0x00000000e5940000,0x00000000e6c80000)
  to   space 20480K, 0% used [0x00000000e4480000,0x00000000e4480000,0x00000000e5880000)
 ParOldGen       total 68608K, used 40505K [0x0000000080000000, 0x0000000084300000, 0x00000000d5580000)
  object space 68608K, 59% used [0x0000000080000000,0x000000008278e630,0x0000000084300000)
 Metaspace       used 56947K, capacity 59020K, committed 59160K, reserved 1099776K
  class space    used 7805K, capacity 8271K, committed 8360K, reserved 1048576K
}
Event: 16.356 GC heap before
{Heap before GC invocations=15 (full 3):
 PSYoungGen      total 265216K, used 768K [0x00000000d5580000, 0x00000000e8380000, 0x0000000100000000)
  eden space 244736K, 0% used [0x00000000d5580000,0x00000000d5580000,0x00000000e4480000)
  from space 20480K, 3% used [0x00000000e5880000,0x00000000e5940000,0x00000000e6c80000)
  to   space 20480K, 0% used [0x00000000e4480000,0x00000000e4480000,0x00000000e5880000)
 ParOldGen       total 68608K, used 40505K [0x0000000080000000, 0x0000000084300000, 0x00000000d5580000)
  object space 68608K, 59% used [0x0000000080000000,0x000000008278e630,0x0000000084300000)
 Metaspace       used 56947K, capacity 59020K, committed 59160K, reserved 1099776K
  class space    used 7805K, capacity 8271K, committed 8360K, reserved 1048576K
Event: 16.691 GC heap after
Heap after GC invocations=15 (full 3):
 PSYoungGen      total 265216K, used 0K [0x00000000d5580000, 0x00000000e8380000, 0x0000000100000000)
  eden space 244736K, 0% used [0x00000000d5580000,0x00000000d5580000,0x00000000e4480000)
  from space 20480K, 0% used [0x00000000e5880000,0x00000000e5880000,0x00000000e6c80000)
  to   space 20480K, 0% used [0x00000000e4480000,0x00000000e4480000,0x00000000e5880000)
 ParOldGen       total 100864K, used 33028K [0x0000000080000000, 0x0000000086280000, 0x00000000d5580000)
  object space 100864K, 32% used [0x0000000080000000,0x0000000082041228,0x0000000086280000)
 Metaspace       used 56942K, capacity 59002K, committed 59160K, reserved 1099776K
  class space    used 7803K, capacity 8268K, committed 8360K, reserved 1048576K
}
Event: 20.483 GC heap before
{Heap before GC invocations=16 (full 3):
 PSYoungGen      total 265216K, used 244736K [0x00000000d5580000, 0x00000000e8380000, 0x0000000100000000)
  eden space 244736K, 100% used [0x00000000d5580000,0x00000000e4480000,0x00000000e4480000)
  from space 20480K, 0% used [0x00000000e5880000,0x00000000e5880000,0x00000000e6c80000)
  to   space 20480K, 0% used [0x00000000e4480000,0x00000000e4480000,0x00000000e5880000)
 ParOldGen       total 100864K, used 33028K [0x0000000080000000, 0x0000000086280000, 0x00000000d5580000)
  object space 100864K, 32% used [0x0000000080000000,0x0000000082041228,0x0000000086280000)
 Metaspace       used 69094K, capacity 72192K, committed 72488K, reserved 1112064K
  class space    used 9609K, capacity 10209K, committed 10280K, reserved 1048576K
Event: 20.528 GC heap after
Heap after GC invocations=16 (full 3):
 PSYoungGen      total 265216K, used 20454K [0x00000000d5580000, 0x00000000ecd80000, 0x0000000100000000)
  eden space 244736K, 0% used [0x00000000d5580000,0x00000000d5580000,0x00000000e4480000)
  from space 20480K, 99% used [0x00000000e4480000,0x00000000e5879918,0x00000000e5880000)
  to   space 25088K, 0% used [0x00000000eb500000,0x00000000eb500000,0x00000000ecd80000)
 ParOldGen       total 100864K, used 36234K [0x0000000080000000, 0x0000000086280000, 0x00000000d5580000)
  object space 100864K, 35% used [0x0000000080000000,0x00000000823629a0,0x0000000086280000)
 Metaspace       used 69094K, capacity 72192K, committed 72488K, reserved 1112064K
  class space    used 9609K, capacity 10209K, committed 10280K, reserved 1048576K
}
Event: 2161.897 GC heap before
{Heap before GC invocations=17 (full 3):
 PSYoungGen      total 265216K, used 265190K [0x00000000d5580000, 0x00000000ecd80000, 0x0000000100000000)
  eden space 244736K, 100% used [0x00000000d5580000,0x00000000e4480000,0x00000000e4480000)
  from space 20480K, 99% used [0x00000000e4480000,0x00000000e5879918,0x00000000e5880000)
  to   space 25088K, 0% used [0x00000000eb500000,0x00000000eb500000,0x00000000ecd80000)
 ParOldGen       total 100864K, used 36234K [0x0000000080000000, 0x0000000086280000, 0x00000000d5580000)
  object space 100864K, 35% used [0x0000000080000000,0x00000000823629a0,0x0000000086280000)
 Metaspace       used 80578K, capacity 84526K, committed 84776K, reserved 1122304K
  class space    used 10764K, capacity 11552K, committed 11560K, reserved 1048576K
Event: 2162.078 GC heap after
Heap after GC invocations=17 (full 3):
 PSYoungGen      total 349696K, used 25068K [0x00000000d5580000, 0x00000000ed780000, 0x0000000100000000)
  eden space 324608K, 0% used [0x00000000d5580000,0x00000000d5580000,0x00000000e9280000)
  from space 25088K, 99% used [0x00000000eb500000,0x00000000ecd7b270,0x00000000ecd80000)
  to   space 35328K, 0% used [0x00000000e9280000,0x00000000e9280000,0x00000000eb500000)
 ParOldGen       total 100864K, used 52593K [0x0000000080000000, 0x0000000086280000, 0x00000000d5580000)
  object space 100864K, 52% used [0x0000000080000000,0x000000008335c6c8,0x0000000086280000)
 Metaspace       used 80578K, capacity 84526K, committed 84776K, reserved 1122304K
  class space    used 10764K, capacity 11552K, committed 11560K, reserved 1048576K
}

